{
  "collatedMatches": {
    "raceCharacterType": [
      "Querying character type for UNDEAD, found match: NPC",
      "Querying character type for SUPPORT, found match: SUPPORT_CHARACTER",
      "Querying character type for SUPPORT, found match: SUPPORT_CHARACTER",
      "Querying character type for SUPPORT, found match: SUPPORT_CHARACTER",
      "Querying character type for SUPPORT, found match: SUPPORT_CHARACTER",
      "Querying character type for SUPPORT, found match: SUPPORT_CHARACTER",
      "Querying character type for SUPPORT, found match: SUPPORT_CHARACTER",
      "Querying character type for SUPPORT, found match: SUPPORT_CHARACTER",
      "Querying character type for SUPPORT, found match: SUPPORT_CHARACTER",
      "Querying character type for SUPPORT, found match: SUPPORT_CHARACTER",
      "Querying character type for SUPPORT, found match: SUPPORT_CHARACTER",
      "Querying character type for SUPPORT, found match: SUPPORT_CHARACTER",
      "Querying character type for SUPPORT, found match: SUPPORT_CHARACTER",
      "Querying character type for SUPPORT, found match: SUPPORT_CHARACTER",
      "Querying character type for SUPPORT, found match: SUPPORT_CHARACTER",
      "Querying character type for SUPPORT, found match: SUPPORT_CHARACTER",
      "Querying character type for SUPPORT, found match: SUPPORT_CHARACTER",
      "Querying character type for SUPPORT, found match: SUPPORT_CHARACTER",
      "Querying character type for SUPPORT, found match: SUPPORT_CHARACTER",
      "Querying character type for SUPPORT, found match: SUPPORT_CHARACTER",
      "Querying character type for SUPPORT, found match: SUPPORT_CHARACTER",
      "Querying character type for SUPPORT, found match: SUPPORT_CHARACTER",
      "Querying character type for SUPPORT, found match: SUPPORT_CHARACTER",
      "Querying character type for SUPPORT, found match: SUPPORT_CHARACTER",
      "Querying character type for SUPPORT, found match: SUPPORT_CHARACTER",
      "Querying character type for SUPPORT, found match: SUPPORT_CHARACTER",
      "Querying character type for SUPPORT, found match: SUPPORT_CHARACTER",
      "Querying character type for SUPPORT, found match: SUPPORT_CHARACTER",
      "Querying character type for SUPPORT, found match: SUPPORT_CHARACTER",
      "Querying character type for SUPPORT, found match: SUPPORT_CHARACTER",
      "Querying character type for SUPPORT, found match: SUPPORT_CHARACTER",
      "Querying character type for SUPPORT, found match: SUPPORT_CHARACTER",
      "Querying character type for SUPPORT, found match: SUPPORT_CHARACTER",
      "Querying character type for SUPPORT, found match: SUPPORT_CHARACTER",
      "Querying character type for SUPPORT, found match: SUPPORT_CHARACTER",
      "Querying character type for SUPPORT, found match: SUPPORT_CHARACTER",
      "Querying character type for SUPPORT, found match: SUPPORT_CHARACTER"
    ],
    "magicElement": [
      "For Wendigo querying magic element type for ICE, found match: WATER",
      "For Quickstep querying magic element type for LIGHTNING, found match: AETHER",
      "For Shadow Knight querying magic element type for DARKNESS, found match: DARK",
      "For Sorcerer querying magic element type for ARCANE, found match: AETHER",
      "For Warlock querying magic element type for VOID, found match: DARK",
      "For Death Eater querying magic element type for NECROTIC, found match: DARK",
      "For Shadow Knight querying magic element type for DARKNESS, found match: DARK",
      "For Aarakocra querying magic element type for WIND, found match: AIR",
      "For Aasimar querying magic element type for RADIANT, found match: DARK",
      "For Centaur querying magic element type for NATURE, found match: EARTH",
      "For Harengon querying magic element type for NATURE, found match: EARTH",
      "For Fairy querying magic element type for FEY, found match: AETHER",
      "For Eladrin querying magic element type for SEASONAL_MAGIC, found match: AETHER",
      "For Harengon querying magic element type for NATURE, found match: EARTH",
      "For Kobold querying magic element type for DRACONIC, found match: DARK",
      "For Lizardfolk querying magic element type for NATURE, found match: EARTH",
      "For Satyr querying magic element type for FEY, found match: AETHER",
      "For Shadar-Kai querying magic element type for SHADOW, found match: DARK",
      "For Astral Elf querying magic element type for COSMIC, found match: AETHER",
      "For Plasmoid querying magic element type for ACID, found match: EARTH",
      "For Warforged querying magic element type for METAL, found match: FIRE",
      "For Valkyrie querying magic element type for RADIANT, found match: DARK",
      "For The Disembodied querying magic element type for SPECTRAL, found match: LIGHT",
      "For Barbarian querying magic element type for PRIMAL, found match: DARK",
      "For Cleric querying magic element type for RADIANT, found match: DARK",
      "For Druid querying magic element type for NATURE, found match: EARTH",
      "For Monk querying magic element type for KI, found match: DARK",
      "For Paladin querying magic element type for RADIANT, found match: DARK",
      "For Ranger querying magic element type for NATURE, found match: EARTH",
      "For Vampire querying magic element type for DARKNESS, found match: DARK",
      "For Dracula querying magic element type for BLOOD, found match: DARK",
      "For Dracula querying magic element type for DARKNESS, found match: DARK",
      "For Werewolf querying magic element type for MOON, found match: AETHER",
      "For Animagus - Black Dog querying magic element type for SHADOW, found match: DARK",
      "For Chimera Ant querying magic element type for POISON, found match: DARK",
      "For Djinn querying magic element type for ELEMENTAL_MAGIC, found match: AETHER",
      "For Hydra querying magic element type for POISON, found match: DARK",
      "For Demon querying magic element type for HELLFIRE, found match: FIRE",
      "For Zombie querying magic element type for NECROTIC, found match: DARK",
      "For Mummy querying magic element type for NECROTIC, found match: DARK",
      "For Witch querying magic element type for DARK_MAGIC, found match: DARK",
      "For Unicorn querying magic element type for RADIANT, found match: DARK",
      "For Dragon querying magic element type for VARIABLE_ELEMENT, found match: AETHER",
      "For Ghoul querying magic element type for NECROTIC, found match: DARK",
      "For Rakshasa querying magic element type for ILLUSION, found match: DARK",
      "For Banshee querying magic element type for NECROTIC, found match: DARK",
      "For Reaper querying magic element type for NECROTIC, found match: DARK",
      "For Nadubi querying magic element type for HELLFIRE, found match: FIRE",
      "For Do-S (Monster Princess) querying magic element type for DARK_MAGIC, found match: DARK",
      "For The Great Old One querying magic element type for COSMIC, found match: AETHER",
      "For Demihuman querying magic element type for BLOODLINE, found match: DARK",
      "For Dragonnuet querying magic element type for DRACONIC_ELEMENT, found match: DARK",
      "For Demon querying magic element type for HELLFIRE, found match: FIRE",
      "For Spirit querying magic element type for SPIRITUAL, found match: AETHER",
      "For Undead querying magic element type for NECROTIC, found match: DARK",
      "For Leach querying magic element type for NECROTIC, found match: DARK"
    ],
    "raceAffinity": [],
    "nonStandardAffinity": [
      "For Wendigo non-standard affinity type: WEAPON - Bone Club",
      "For Wendigo non-standard affinity type: WEAPON - Claws",
      "For Quickstep non-standard affinity type: WEAPON - Twin Daggers",
      "For Quickstep non-standard affinity type: SKILL - Mobility",
      "For Shadow Knight non-standard affinity type: WEAPON - Shadow Greatsword",
      "For Shadow Knight non-standard affinity type: SKILL - Fear Aura",
      "For Sorcerer non-standard affinity type: WEAPON - Staff of the Arcane Surge",
      "For Sorcerer non-standard affinity type: SKILL - Wild Magic",
      "For Warlock non-standard affinity type: WEAPON - Eldritch Tome",
      "For Warlock non-standard affinity type: SKILL - Soul Manipulation",
      "For Death Eater non-standard affinity type: SKILL - Soul Consumption",
      "For Death Eater non-standard affinity type: WEAPON - Hollow Eyes of Soul",
      "For Shadow Knight non-standard affinity type: WEAPON - Shadow Greatsword",
      "For Shadow Knight non-standard affinity type: SKILL - Dimensional Phasing",
      "For Aarakocra non-standard affinity type: WEAPON - Wing Blades",
      "For Aarakocra non-standard affinity type: SKILL - Aerial Mobility",
      "For Aasimar non-standard affinity type: WEAPON - Radiant Sword",
      "For Aasimar non-standard affinity type: SKILL - Protection",
      "For Bugbear non-standard affinity type: WEAPON - Spiked Club",
      "For Bugbear non-standard affinity type: SKILL - Ambush Hunting",
      "For Centaur non-standard affinity type: WEAPON - Longbow",
      "For Centaur non-standard affinity type: SKILL - Charging Combat",
      "For Changeling non-standard affinity type: WEAPON - Dagger",
      "For Changeling non-standard affinity type: SKILL - Shapeshifting",
      "For Changeling non-standard affinity type: SKILL - Infiltration",
      "For Goliath non-standard affinity type: WEAPON - Great Axe",
      "For Goliath non-standard affinity type: SKILL - Survival",
      "For Harengon non-standard affinity type: WEAPON - Throwing Knives",
      "For Harengon non-standard affinity type: SKILL - Mobility",
      "For Fairy non-standard affinity type: WEAPON - Fairy Dust",
      "For Fairy non-standard affinity type: SKILL - Flight",
      "For Eladrin non-standard affinity type: WEAPON - Fey Longsword",
      "For Eladrin non-standard affinity type: SKILL - Teleportation",
      "For Goliath non-standard affinity type: WEAPON - Great Axe",
      "For Goliath non-standard affinity type: SKILL - Endurance",
      "For Harengon non-standard affinity type: WEAPON - Throwing Knives",
      "For Harengon non-standard affinity type: SKILL - Mobility",
      "For Goblin non-standard affinity type: WEAPON - Short Sword",
      "For Goblin non-standard affinity type: SKILL - Dirty Tactics",
      "For Goblin non-standard affinity type: SKILL - Scavenging",
      "For Hobgoblin non-standard affinity type: WEAPON - Longsword and Shield",
      "For Hobgoblin non-standard affinity type: SKILL - Formation Combat",
      "For Hobgoblin non-standard affinity type: SKILL - Military Tactics",
      "For Kenku non-standard affinity type: WEAPON - Shortbow",
      "For Kenku non-standard affinity type: SKILL - Mimicry",
      "For Kenku non-standard affinity type: SKILL - Stealth",
      "For Kobold non-standard affinity type: WEAPON - Sling",
      "For Kobold non-standard affinity type: SKILL - Trapcraft",
      "For Minotaur non-standard affinity type: WEAPON - Greataxe",
      "For Minotaur non-standard affinity type: SKILL - Charging Combat",
      "For Lizardfolk non-standard affinity type: WEAPON - Bone Spear",
      "For Lizardfolk non-standard affinity type: SKILL - Ambush Hunting",
      "For Orc non-standard affinity type: WEAPON - Warhammer",
      "For Orc non-standard affinity type: SKILL - Berserker Combat",
      "For Satyr non-standard affinity type: WEAPON - Pan Pipes",
      "For Satyr non-standard affinity type: SKILL - Performance",
      "For Sea Elf non-standard affinity type: WEAPON - Trident",
      "For Sea Elf non-standard affinity type: SKILL - Aquatic Combat",
      "For Shadar-Kai non-standard affinity type: WEAPON - Shadow Scythe",
      "For Shadar-Kai non-standard affinity type: SKILL - Shadow Traversal",
      "For Astral Elf non-standard affinity type: WEAPON - Starlight Staff",
      "For Astral Elf non-standard affinity type: SKILL - Arcane Perception",
      "For Giff non-standard affinity type: WEAPON - Blunderbuss",
      "For Giff non-standard affinity type: SKILL - Explosives",
      "For Giff non-standard affinity type: SKILL - Military Discipline",
      "For Plasmoid non-standard affinity type: WEAPON - Malleable Fists",
      "For Plasmoid non-standard affinity type: SKILL - Shape Manipulation",
      "For Thri-Kreen non-standard affinity type: WEAPON - Gythka",
      "For Thri-Kreen non-standard affinity type: SKILL - Multi-Limb Combat",
      "For Thri-Kreen non-standard affinity type: SKILL - Predatory Camouflage",
      "For Thri-Kreen non-standard affinity type: WEAPON - Gythka",
      "For Thri-Kreen non-standard affinity type: SKILL - Multi-Limb Combat",
      "For Thri-Kreen non-standard affinity type: SKILL - Predatory Camouflage",
      "For Hadozee non-standard affinity type: WEAPON - Sling",
      "For Hadozee non-standard affinity type: SKILL - Gliding",
      "For Hadozee non-standard affinity type: SKILL - Climbing",
      "For Warforged non-standard affinity type: WEAPON - Integrated Arm Blade",
      "For Warforged non-standard affinity type: SKILL - Mechanical Endurance",
      "For Valkyrie non-standard affinity type: WEAPON - Celestial Spear",
      "For Valkyrie non-standard affinity type: SKILL - Aerial Combat",
      "For The Disembodied non-standard affinity type: WEAPON - Ethereal Touch",
      "For The Disembodied non-standard affinity type: SKILL - Phasing",
      "For Barbarian non-standard affinity type: WEAPON - Great Axe",
      "For Barbarian non-standard affinity type: SKILL - Rage",
      "For Cleric non-standard affinity type: WEAPON - Mace of Light",
      "For Cleric non-standard affinity type: SKILL - Healing",
      "For Druid non-standard affinity type: WEAPON - Nature’s Staff",
      "For Druid non-standard affinity type: SKILL - Transformation",
      "For Monk non-standard affinity type: WEAPON - Fists of Fury",
      "For Monk non-standard affinity type: SKILL - Martial Arts",
      "For Paladin non-standard affinity type: WEAPON - Holy Sword",
      "For Paladin non-standard affinity type: SKILL - Protection",
      "For Ranger non-standard affinity type: WEAPON - Longbow",
      "For Ranger non-standard affinity type: SKILL - Tracking",
      "For Rogue non-standard affinity type: WEAPON - Daggers",
      "For Rogue non-standard affinity type: SKILL - Stealth",
      "For Rogue non-standard affinity type: SKILL - Critical Strikes",
      "For Loxo non-standard affinity type: WEAPON - Warhammer and Shield",
      "For Loxo non-standard affinity type: SKILL - Dual Consciousness",
      "For Owlin non-standard affinity type: WEAPON - Longbow",
      "For Owlin non-standard affinity type: WEAPON - Trident",
      "For Owlin non-standard affinity type: SKILL - Silent Flight",
      "For Golem non-standard affinity type: WEAPON - Fists of Stone",
      "For Golem non-standard affinity type: SKILL - Construct Durability",
      "For Vampire non-standard affinity type: WEAPON - Fangs",
      "For Vampire non-standard affinity type: SKILL - Regeneration",
      "For Dracula non-standard affinity type: SKILL - Undead Dominion",
      "For Werewolf non-standard affinity type: WEAPON - Claws and Teeth",
      "For Werewolf non-standard affinity type: SKILL - Regeneration",
      "For Animagus - Black Dog non-standard affinity type: WEAPON - Fangs",
      "For Animagus - Black Dog non-standard affinity type: SKILL - Transformation",
      "For Chimera Ant non-standard affinity type: WEAPON - Claws and Stinger",
      "For Chimera Ant non-standard affinity type: SKILL - Biological Adaptation",
      "For Djinn non-standard affinity type: SKILL - Reality Manipulation",
      "For Djinn non-standard affinity type: SKILL - Incorporeal Transformation",
      "For Hydra non-standard affinity type: WEAPON - Multiple Heads",
      "For Hydra non-standard affinity type: SKILL - Regeneration",
      "For Phoenix non-standard affinity type: SKILL - Rebirth",
      "For Phoenix non-standard affinity type: SPELL - Flames of Rebirth",
      "For Demon non-standard affinity type: WEAPON - Hellfire Claws",
      "For Demon non-standard affinity type: SKILL - Fear Manipulation",
      "For Zombie non-standard affinity type: WEAPON - Bite and Claw",
      "For Zombie non-standard affinity type: SKILL - Relentless Persistence",
      "For Mummy non-standard affinity type: WEAPON - Cursed Bandages",
      "For Mummy non-standard affinity type: SKILL - Curse Magic",
      "For Witch non-standard affinity type: WEAPON - Witch’s Staff",
      "For Witch non-standard affinity type: SKILL - Hexcraft",
      "For Unicorn non-standard affinity type: WEAPON - Horn of Purity",
      "For Unicorn non-standard affinity type: SKILL - Purification",
      "For Mermaid non-standard affinity type: WEAPON - Trident",
      "For Mermaid non-standard affinity type: SKILL - Enchanting Song",
      "For Dragon non-standard affinity type: WEAPON - Breath Weapon",
      "For Dragon non-standard affinity type: SKILL - Lair Dominion",
      "For Ghoul non-standard affinity type: WEAPON - Claws",
      "For Ghoul non-standard affinity type: SKILL - Pack Hunting",
      "For Rakshasa non-standard affinity type: SKILL - Psychological Manipulation",
      "For Rakshasa non-standard affinity type: SPELL - Psychic Magic",
      "For Banshee non-standard affinity type: WEAPON - Wail of Death",
      "For Banshee non-standard affinity type: SKILL - Incorporeal Movement",
      "For Gorgon non-standard affinity type: SKILL - Petrification",
      "For Gorgon non-standard affinity type: WEAPON - Snake Hair",
      "For Trickster (Loki) non-standard affinity type: SKILL - Illusion Mastery",
      "For Trickster (Loki) non-standard affinity type: SKILL - Shapeshifting",
      "For Trickster (Loki) non-standard affinity type: SPELL - Reality Manipulation",
      "For Siren non-standard affinity type: WEAPON - Enchanted Voice",
      "For Siren non-standard affinity type: SKILL - Charm",
      "For Reaper non-standard affinity type: WEAPON - Scythe of Souls",
      "For Reaper non-standard affinity type: SKILL - Soul Harvesting",
      "For Aqrabuamelu non-standard affinity type: WEAPON - Venomous Stinger",
      "For Aqrabuamelu non-standard affinity type: SKILL - Burrow Ambush",
      "For Garkain non-standard affinity type: WEAPON - Vampiric Bite",
      "For Garkain non-standard affinity type: SKILL - Aerial Hunting",
      "For Garkain non-standard affinity type: SKILL - Echolocation",
      "For Nadubi non-standard affinity type: SKILL - Blood Frenzy",
      "For Nadubi non-standard affinity type: SPELL - Infernal Summoning",
      "For Do-S (Monster Princess) non-standard affinity type: WEAPON - Cursed Whip",
      "For Do-S (Monster Princess) non-standard affinity type: SKILL - Charm Control",
      "For The Great Old One non-standard affinity type: SKILL - Madness Induction",
      "For The Great Old One non-standard affinity type: SPELL - Reality Warping",
      "For Ceremorphus non-standard affinity type: SKILL - Psionics",
      "For Ceremorphus non-standard affinity type: WEAPON - Psychic Tentacles",
      "For Ceremorphus non-standard affinity type: SPELL - Mind Control",
      "For Mind Flayer non-standard affinity type: SKILL - Psionics",
      "For Mind Flayer non-standard affinity type: WEAPON - Tentacles",
      "For Mind Flayer non-standard affinity type: SPELL - Mind Domination",
      "For Fire Genasi non-standard affinity type: WEAPON - Elemental Fists",
      "For Fire Genasi non-standard affinity type: SKILL - Heat Manipulation",
      "For Water Genasi non-standard affinity type: WEAPON - Elemental Fists",
      "For Water Genasi non-standard affinity type: SKILL - Hydrokinesis",
      "For Air Genasi non-standard affinity type: WEAPON - Elemental Fists",
      "For Air Genasi non-standard affinity type: SKILL - Aerial Mobility",
      "For Earth Genasi non-standard affinity type: WEAPON - Elemental Fists",
      "For Earth Genasi non-standard affinity type: SKILL - Seismic Manipulation",
      "For Human non-standard affinity type: SKILL - Adaptability",
      "For Human non-standard affinity type: SKILL - Willpower",
      "For Human non-standard affinity type: WEAPON - Versatile Arms",
      "For Demihuman non-standard affinity type: SKILL - Hybrid Adaptation",
      "For Demihuman non-standard affinity type: SKILL - Enhanced Senses",
      "For Dragonnuet non-standard affinity type: SKILL - Draconic Aura",
      "For Dragonnuet non-standard affinity type: WEAPON - Dragon Claws",
      "For Demon non-standard affinity type: SKILL - Soul Corruption",
      "For Demon non-standard affinity type: SPELL - Infernal Magic",
      "For Orc non-standard affinity type: WEAPON - Heavy Weapons",
      "For Orc non-standard affinity type: SKILL - Berserker Combat",
      "For Orc non-standard affinity type: SKILL - War Instinct",
      "For Spirit non-standard affinity type: SKILL - Soul Bond",
      "For Spirit non-standard affinity type: SKILL - Ethereal Movement",
      "For Undead non-standard affinity type: SKILL - Undying Persistence",
      "For Undead non-standard affinity type: SPELL - Necromancy",
      "For Leach non-standard affinity type: SKILL - Life Drain",
      "For Leach non-standard affinity type: SPELL - Blood and Soul Magic"
    ],
    "unrecognizedAffinityType": [],
    "resistanceType": [],
    "weaknessType": [
      "For Wendigo querying resistance type for FIRE, found match: ELEMENTAL",
      "For Wendigo querying resistance type for HOLY, found match: RADIANT",
      "For Wendigo querying resistance type for MENTAL_CORRUPTION, found match: MENTAL",
      "For Quickstep querying resistance type for PHYSICAL_ENDURANCE, found match: VITALITY",
      "For Quickstep querying resistance type for AREA_CONTROL, found match: MENTAL",
      "For Quickstep querying resistance type for MENTAL_OVERLOAD, found match: MENTAL",
      "For Shadow Knight querying resistance type for HOLY, found match: RADIANT",
      "For Shadow Knight querying resistance type for LIGHT, found match: RADIANT",
      "For Shadow Knight querying resistance type for SOUL_DAMAGE, found match: RADIANT",
      "For Sorcerer querying resistance type for PHYSICAL_DAMAGE, found match: PHYSICAL",
      "For Sorcerer querying resistance type for ANTI_MAGIC, found match: MAGIC",
      "For Sorcerer querying resistance type for EMOTIONAL_INSTABILITY, found match: MENTAL",
      "For Sorcerer querying resistance type for WILD_MAGIC_BACKFIRE, found match: MAGIC",
      "For Warlock querying resistance type for HOLY, found match: RADIANT",
      "For Warlock querying resistance type for PACT_BACKLASH, found match: LEVEL_NULL",
      "For Warlock querying resistance type for PHYSICAL_DAMAGE, found match: PHYSICAL",
      "For Warlock querying resistance type for SOUL_BINDING, found match: MAGIC",
      "For Death Eater querying resistance type for HOLY, found match: RADIANT",
      "For Death Eater querying resistance type for LIGHT, found match: RADIANT",
      "For Death Eater querying resistance type for COMMAND_DISRUPTION, found match: DEBUFF",
      "For Death Eater querying resistance type for SOUL_SEALING, found match: RADIANT",
      "For Shadow Knight querying resistance type for HOLY, found match: RADIANT",
      "For Shadow Knight querying resistance type for RADIANT_LIGHT, found match: RADIANT",
      "For Shadow Knight querying resistance type for DIMENSIONAL_SEALING, found match: LEVEL_NULL",
      "For Shadow Knight querying resistance type for CORRUPTION, found match: MAGIC",
      "For Aarakocra querying resistance type for GROUNDING, found match: PHYSICAL",
      "For Aarakocra querying resistance type for LOW_PHYSICAL_DURABILITY, found match: LEVEL_NULL",
      "For Aarakocra querying resistance type for ENCLOSED_SPACES, found match: PHYSICAL",
      "For Aasimar querying resistance type for VOID, found match: LEVEL_NULL",
      "For Aasimar querying resistance type for EMOTIONAL_BURDEN, found match: MENTAL",
      "For Aasimar querying resistance type for SACRIFICIAL_INSTINCT, found match: MENTAL",
      "For Bugbear querying resistance type for HOLY, found match: RADIANT",
      "For Bugbear querying resistance type for MENTAL_MANIPULATION, found match: MENTAL",
      "For Bugbear querying resistance type for MAGICAL_DAMAGE, found match: MAGIC",
      "For Bugbear querying resistance type for OPEN_BATTLEFIELDS, found match: PHYSICAL",
      "For Centaur querying resistance type for ENCLOSED_SPACES, found match: PHYSICAL",
      "For Centaur querying resistance type for ICE, found match: ELEMENTAL",
      "For Centaur querying resistance type for MENTAL_MANIPULATION, found match: MENTAL",
      "For Centaur querying resistance type for ANTI_NATURE_MAGIC, found match: MAGIC",
      "For Changeling querying resistance type for TRUE_SIGHT, found match: MAGIC",
      "For Changeling querying resistance type for LOW_PHYSICAL_POWER, found match: LEVEL_NULL",
      "For Changeling querying resistance type for IDENTITY_INSTABILITY, found match: LEVEL_NULL",
      "For Changeling querying resistance type for ANTI_TRANSFORMATION_MAGIC, found match: MAGIC",
      "For Goliath querying resistance type for AGILITY, found match: PHYSICAL",
      "For Goliath querying resistance type for MENTAL_MANIPULATION, found match: MENTAL",
      "For Goliath querying resistance type for LIGHTNING, found match: ELEMENTAL",
      "For Goliath querying resistance type for CONFINED_SPACES, found match: LEVEL_NULL",
      "For Harengon querying resistance type for LOW_PHYSICAL_STRENGTH, found match: LEVEL_NULL",
      "For Harengon querying resistance type for AREA_CONTROL, found match: MENTAL",
      "For Harengon querying resistance type for FEAR, found match: MENTAL",
      "For Harengon querying resistance type for ENCLOSED_SPACES, found match: PHYSICAL",
      "For Fairy querying resistance type for IRON, found match: PHYSICAL",
      "For Fairy querying resistance type for LOW_PHYSICAL_DURABILITY, found match: LEVEL_NULL",
      "For Fairy querying resistance type for ANTI_MAGIC, found match: MAGIC",
      "For Fairy querying resistance type for EMOTIONAL_INSTABILITY, found match: MENTAL",
      "For Eladrin querying resistance type for IRON, found match: PHYSICAL",
      "For Eladrin querying resistance type for EMOTIONAL_INSTABILITY, found match: MENTAL",
      "For Eladrin querying resistance type for ANTI_MAGIC, found match: MAGIC",
      "For Eladrin querying resistance type for VOID, found match: LEVEL_NULL",
      "For Goliath querying resistance type for AGILITY, found match: PHYSICAL",
      "For Goliath querying resistance type for MENTAL_MANIPULATION, found match: MENTAL",
      "For Goliath querying resistance type for LIGHTNING, found match: ELEMENTAL",
      "For Goliath querying resistance type for CONFINED_SPACES, found match: LEVEL_NULL",
      "For Harengon querying resistance type for LOW_PHYSICAL_STRENGTH, found match: LEVEL_NULL",
      "For Harengon querying resistance type for AREA_CONTROL, found match: MENTAL",
      "For Harengon querying resistance type for FEAR, found match: MENTAL",
      "For Harengon querying resistance type for ENCLOSED_SPACES, found match: PHYSICAL",
      "For Goblin querying resistance type for LOW_PHYSICAL_DURABILITY, found match: LEVEL_NULL",
      "For Goblin querying resistance type for FEAR, found match: MENTAL",
      "For Goblin querying resistance type for AREA_DAMAGE, found match: PHYSICAL",
      "For Goblin querying resistance type for HOLY, found match: RADIANT",
      "For Hobgoblin querying resistance type for CHAOTIC_COMBAT, found match: PHYSICAL",
      "For Hobgoblin querying resistance type for ISOLATION, found match: DEBUFF",
      "For Hobgoblin querying resistance type for HIGH_TIER_MAGIC, found match: MAGIC",
      "For Hobgoblin querying resistance type for EMOTIONAL_MANIPULATION, found match: MENTAL",
      "For Kenku querying resistance type for DIRECT_COMBAT, found match: PHYSICAL",
      "For Kenku querying resistance type for TRUE_SIGHT, found match: MAGIC",
      "For Kenku querying resistance type for SILENCE, found match: DEBUFF",
      "For Kenku querying resistance type for TRUST_ISSUES, found match: MAGIC",
      "For Kobold querying resistance type for LOW_PHYSICAL_DURABILITY, found match: LEVEL_NULL",
      "For Kobold querying resistance type for ISOLATION, found match: DEBUFF",
      "For Kobold querying resistance type for AREA_DAMAGE, found match: PHYSICAL",
      "For Kobold querying resistance type for BRIGHT_LIGHT, found match: RADIANT",
      "For Minotaur querying resistance type for AGILITY, found match: PHYSICAL",
      "For Minotaur querying resistance type for MENTAL_MANIPULATION, found match: MENTAL",
      "For Minotaur querying resistance type for ICE, found match: ELEMENTAL",
      "For Minotaur querying resistance type for RANGED_PRESSURE, found match: LEVEL_NULL",
      "For Lizardfolk querying resistance type for COLD, found match: ELEMENTAL",
      "For Lizardfolk querying resistance type for EMOTIONAL_MANIPULATION, found match: MENTAL",
      "For Lizardfolk querying resistance type for DRY_ENVIRONMENTS, found match: ELEMENTAL",
      "For Lizardfolk querying resistance type for HOLY, found match: RADIANT",
      "For Orc querying resistance type for MENTAL_MANIPULATION, found match: MENTAL",
      "For Orc querying resistance type for MAGICAL_DAMAGE, found match: MAGIC",
      "For Orc querying resistance type for TACTICAL_OVEREXTENSION, found match: DEBUFF",
      "For Orc querying resistance type for ICE, found match: ELEMENTAL",
      "For Satyr querying resistance type for IRON, found match: PHYSICAL",
      "For Satyr querying resistance type for SILENCE, found match: DEBUFF",
      "For Satyr querying resistance type for LOW_PHYSICAL_DURABILITY, found match: LEVEL_NULL",
      "For Satyr querying resistance type for DISTRACTION, found match: DEBUFF",
      "For Sea Elf querying resistance type for LIGHTNING, found match: ELEMENTAL",
      "For Sea Elf querying resistance type for DRY_ENVIRONMENTS, found match: ELEMENTAL",
      "For Sea Elf querying resistance type for ANTI_WATER_MAGIC, found match: MAGIC",
      "For Sea Elf querying resistance type for VOID, found match: LEVEL_NULL",
      "For Shadar-Kai querying resistance type for RADIANT, found match: RADIANT",
      "For Shadar-Kai querying resistance type for EMOTIONAL_SUPPRESSION, found match: DEBUFF",
      "For Shadar-Kai querying resistance type for ANTI_SHADOW_MAGIC, found match: MAGIC",
      "For Shadar-Kai querying resistance type for TRUE_LIGHT, found match: RADIANT",
      "For Astral Elf querying resistance type for VOID, found match: LEVEL_NULL",
      "For Astral Elf querying resistance type for ANTI_MAGIC, found match: MAGIC",
      "For Astral Elf querying resistance type for PHYSICAL_PRESSURE, found match: PHYSICAL",
      "For Astral Elf querying resistance type for EMOTIONAL_DETACHMENT, found match: MENTAL",
      "For Giff querying resistance type for MAGICAL_DAMAGE, found match: MAGIC",
      "For Giff querying resistance type for AMMO_DEPENDENCY, found match: LEVEL_NULL",
      "For Giff querying resistance type for LIGHTNING, found match: ELEMENTAL",
      "For Giff querying resistance type for STEALTH_DISADVANTAGE, found match: DEBUFF",
      "For Plasmoid querying resistance type for COLD, found match: ELEMENTAL",
      "For Plasmoid querying resistance type for LIGHTNING, found match: ELEMENTAL",
      "For Plasmoid querying resistance type for FIRE, found match: ELEMENTAL",
      "For Plasmoid querying resistance type for MENTAL_MAGIC, found match: MAGIC",
      "For Thri-Kreen querying resistance type for COLD, found match: ELEMENTAL",
      "For Thri-Kreen querying resistance type for FIRE, found match: ELEMENTAL",
      "For Thri-Kreen querying resistance type for SONIC, found match: LEVEL_NULL",
      "For Thri-Kreen querying resistance type for ISOLATION, found match: DEBUFF",
      "For Thri-Kreen querying resistance type for COLD, found match: ELEMENTAL",
      "For Thri-Kreen querying resistance type for FIRE, found match: ELEMENTAL",
      "For Thri-Kreen querying resistance type for SONIC, found match: LEVEL_NULL",
      "For Thri-Kreen querying resistance type for ISOLATION, found match: DEBUFF",
      "For Hadozee querying resistance type for ENCLOSED_SPACES, found match: PHYSICAL",
      "For Hadozee querying resistance type for HEAVY_ARMOR, found match: PHYSICAL",
      "For Hadozee querying resistance type for LIGHTNING, found match: ELEMENTAL",
      "For Hadozee querying resistance type for LOW_DIRECT_POWER, found match: LEVEL_NULL",
      "For Warforged querying resistance type for LIGHTNING, found match: ELEMENTAL",
      "For Warforged querying resistance type for RUST_CORROSION, found match: ELEMENTAL",
      "For Warforged querying resistance type for MAGNETIC_CONTROL, found match: MENTAL",
      "For Warforged querying resistance type for EMOTIONAL_DEVELOPMENT, found match: MENTAL",
      "For Valkyrie querying resistance type for VOID, found match: LEVEL_NULL",
      "For Valkyrie querying resistance type for FALLEN_GRIEF, found match: PHYSICAL",
      "For Valkyrie querying resistance type for ANTI_HEALING_MAGIC, found match: MAGIC",
      "For Valkyrie querying resistance type for DARKNESS_SEALING, found match: LEVEL_NULL",
      "For The Disembodied querying resistance type for RADIANT, found match: RADIANT",
      "For The Disembodied querying resistance type for TRUE_NAME_BINDING, found match: LEVEL_NULL",
      "For The Disembodied querying resistance type for ANTI_PHASE_MAGIC, found match: LEVEL_NULL",
      "For The Disembodied querying resistance type for MENTAL_FRAGMENTATION, found match: MENTAL",
      "For Barbarian querying resistance type for MENTAL_MANIPULATION, found match: MENTAL",
      "For Barbarian querying resistance type for MAGICAL_DAMAGE, found match: MAGIC",
      "For Barbarian querying resistance type for TACTICAL_BAITING, found match: DEBUFF",
      "For Barbarian querying resistance type for EXHAUSTION_AFTER_RAGE, found match: VITALITY",
      "For Cleric querying resistance type for ANTI_DIVINE_MAGIC, found match: RADIANT",
      "For Cleric querying resistance type for FAITH_CRISIS, found match: RADIANT",
      "For Cleric querying resistance type for SILENCE, found match: DEBUFF",
      "For Cleric querying resistance type for ALLY_DEPENDENCY, found match: RADIANT",
      "For Druid querying resistance type for FIRE, found match: ELEMENTAL",
      "For Druid querying resistance type for ANTI_TRANSFORMATION_MAGIC, found match: MAGIC",
      "For Druid querying resistance type for CORRUPTED_LAND, found match: MAGIC",
      "For Druid querying resistance type for INDUSTRIAL_ENVIRONMENTS, found match: PHYSICAL",
      "For Monk querying resistance type for HEAVY_ARMOR, found match: PHYSICAL",
      "For Monk querying resistance type for ANTI_KI_DISRUPTION, found match: DEBUFF",
      "For Monk querying resistance type for SUSTAINED_HEAVY_FORCE, found match: PHYSICAL",
      "For Monk querying resistance type for EMOTIONAL_IMBALANCE, found match: MENTAL",
      "For Paladin querying resistance type for OATH_CONFLICT, found match: RADIANT",
      "For Paladin querying resistance type for ANTI_DIVINE_MAGIC, found match: RADIANT",
      "For Paladin querying resistance type for TACTICAL_BAITING, found match: DEBUFF",
      "For Paladin querying resistance type for VOID, found match: LEVEL_NULL",
      "For Ranger querying resistance type for ENCLOSED_SPACES, found match: PHYSICAL",
      "For Ranger querying resistance type for ANTI_STEALTH_MAGIC, found match: LEVEL_NULL",
      "For Ranger querying resistance type for HEAVY_FRONTLINE_PRESSURE, found match: MAGIC",
      "For Ranger querying resistance type for FAVORED_ENEMY_DEPENDENCY, found match: MENTAL",
      "For Rogue querying resistance type for DIRECT_COMBAT, found match: PHYSICAL",
      "For Rogue querying resistance type for TRUE_SIGHT, found match: MAGIC",
      "For Rogue querying resistance type for AREA_DAMAGE, found match: PHYSICAL",
      "For Rogue querying resistance type for MORAL_CONFLICT, found match: MENTAL",
      "For Loxo querying resistance type for AGILITY_LIMITATION, found match: DEBUFF",
      "For Loxo querying resistance type for LIGHTNING, found match: ELEMENTAL",
      "For Loxo querying resistance type for MENTAL_OVERLOAD, found match: MENTAL",
      "For Loxo querying resistance type for STRUCTURAL_COLLAPSE, found match: LEVEL_NULL",
      "For Owlin querying resistance type for BRIGHT_LIGHT, found match: RADIANT",
      "For Owlin querying resistance type for ENCLOSED_SPACES, found match: PHYSICAL",
      "For Owlin querying resistance type for LOW_PHYSICAL_DURABILITY, found match: LEVEL_NULL",
      "For Owlin querying resistance type for WING_DAMAGE, found match: PHYSICAL",
      "For Golem querying resistance type for CREATOR_OVERRIDE, found match: MAGIC",
      "For Golem querying resistance type for SPEED_LIMITATION, found match: DEBUFF",
      "For Golem querying resistance type for CORE_DAMAGE, found match: PHYSICAL",
      "For Golem querying resistance type for ANTI_MAGIC, found match: MAGIC",
      "For Vampire querying resistance type for SUNLIGHT, found match: RADIANT",
      "For Vampire querying resistance type for RADIANT, found match: RADIANT",
      "For Vampire querying resistance type for HOLY_ARTIFACTS, found match: RADIANT",
      "For Vampire querying resistance type for BLOOD_HUNGER, found match: RADIANT",
      "For Dracula querying resistance type for SUNLIGHT, found match: RADIANT",
      "For Dracula querying resistance type for DIVINE_ARTIFACTS, found match: RADIANT",
      "For Dracula querying resistance type for INVITATION_BOUNDARIES, found match: MENTAL",
      "For Dracula querying resistance type for OVERCONFIDENCE, found match: MENTAL",
      "For Werewolf querying resistance type for SILVER, found match: LEVEL_NULL",
      "For Werewolf querying resistance type for ANTI_CURSE_MAGIC, found match: MAGIC",
      "For Werewolf querying resistance type for MENTAL_CONTROL_LOSS, found match: MENTAL",
      "For Werewolf querying resistance type for FIRE, found match: ELEMENTAL",
      "For Animagus - Black Dog querying resistance type for BRIGHT_LIGHT, found match: RADIANT",
      "For Animagus - Black Dog querying resistance type for ANTI_TRANSFORMATION_MAGIC, found match: MAGIC",
      "For Animagus - Black Dog querying resistance type for LOW_RAW_POWER, found match: LEVEL_NULL",
      "For Animagus - Black Dog querying resistance type for HEIGHTENED_SENSE_OVERLOAD, found match: LEVEL_NULL",
      "For Chimera Ant querying resistance type for FIRE, found match: ELEMENTAL",
      "For Chimera Ant querying resistance type for MENTAL_INSTABILITY, found match: MENTAL",
      "For Chimera Ant querying resistance type for ANTI_EVOLUTION_EFFECTS, found match: VITALITY",
      "For Chimera Ant querying resistance type for HIVE_CONFLICT, found match: MENTAL",
      "For Djinn querying resistance type for BINDING_ARTIFACTS, found match: LEVEL_NULL",
      "For Djinn querying resistance type for TRUE_NAME_MAGIC, found match: MAGIC",
      "For Djinn querying resistance type for REALITY_BACKLASH, found match: MAGIC",
      "For Djinn querying resistance type for ARROGANCE, found match: MENTAL",
      "For Hydra querying resistance type for FIRE, found match: ELEMENTAL",
      "For Hydra querying resistance type for ACID, found match: LEVEL_NULL",
      "For Hydra querying resistance type for ANTI_REGENERATION_MAGIC, found match: LEVEL_NULL",
      "For Hydra querying resistance type for LOW_STRATEGIC_INTELLIGENCE, found match: LEVEL_NULL",
      "For Phoenix querying resistance type for ICE, found match: ELEMENTAL",
      "For Phoenix querying resistance type for WATER, found match: MAGIC",
      "For Phoenix querying resistance type for VOID, found match: LEVEL_NULL",
      "For Phoenix querying resistance type for ANTI_REBIRTH_MAGIC, found match: MAGIC",
      "For Demon querying resistance type for HOLY, found match: RADIANT",
      "For Demon querying resistance type for RADIANT, found match: RADIANT",
      "For Demon querying resistance type for TRUE_NAME_MAGIC, found match: MAGIC",
      "For Demon querying resistance type for ARROGANCE, found match: MENTAL",
      "For Zombie querying resistance type for FIRE, found match: ELEMENTAL",
      "For Zombie querying resistance type for DECAPITATION, found match: LEVEL_NULL",
      "For Zombie querying resistance type for HOLY, found match: RADIANT",
      "For Zombie querying resistance type for LOW_INTELLIGENCE, found match: LEVEL_NULL",
      "For Mummy querying resistance type for FIRE, found match: ELEMENTAL",
      "For Mummy querying resistance type for HOLY, found match: RADIANT",
      "For Mummy querying resistance type for CURSE_BREAKING, found match: MAGIC",
      "For Mummy querying resistance type for SPEED_LIMITATION, found match: DEBUFF",
      "For Witch querying resistance type for HOLY, found match: RADIANT",
      "For Witch querying resistance type for SILENCE, found match: DEBUFF",
      "For Witch querying resistance type for PHYSICAL_PRESSURE, found match: PHYSICAL",
      "For Witch querying resistance type for RITUAL_INTERRUPTION, found match: RADIANT",
      "For Unicorn querying resistance type for VOID, found match: LEVEL_NULL",
      "For Unicorn querying resistance type for CORRUPTED_LANDS, found match: MAGIC",
      "For Unicorn querying resistance type for BLOOD_MAGIC, found match: MAGIC",
      "For Unicorn querying resistance type for MERCY_EXPLOITATION, found match: RADIANT",
      "For Mermaid querying resistance type for LIGHTNING, found match: ELEMENTAL",
      "For Mermaid querying resistance type for DRY_ENVIRONMENTS, found match: ELEMENTAL",
      "For Mermaid querying resistance type for SILENCE, found match: DEBUFF",
      "For Mermaid querying resistance type for ANTI_WATER_MAGIC, found match: MAGIC",
      "For Dragon querying resistance type for OPPOSING_ELEMENT, found match: ELEMENTAL",
      "For Dragon querying resistance type for GREED, found match: VITALITY",
      "For Dragon querying resistance type for PRIDE, found match: MENTAL",
      "For Dragon querying resistance type for ANTI_DRAGON_MAGIC, found match: MAGIC",
      "For Ghoul querying resistance type for HOLY, found match: RADIANT",
      "For Ghoul querying resistance type for FIRE, found match: ELEMENTAL",
      "For Ghoul querying resistance type for LOW_INTELLIGENCE, found match: LEVEL_NULL",
      "For Ghoul querying resistance type for RANGED_CONTROL, found match: DEBUFF",
      "For Rakshasa querying resistance type for HOLY, found match: RADIANT",
      "For Rakshasa querying resistance type for TRUE_SIGHT, found match: MAGIC",
      "For Rakshasa querying resistance type for PRIDE, found match: MENTAL",
      "For Rakshasa querying resistance type for DIRECT_PHYSICAL_PRESSURE, found match: PHYSICAL",
      "For Banshee querying resistance type for HOLY, found match: RADIANT",
      "For Banshee querying resistance type for SILENCE, found match: DEBUFF",
      "For Banshee querying resistance type for SPIRIT_BINDING, found match: MAGIC",
      "For Banshee querying resistance type for EMOTIONAL_RESOLUTION, found match: MENTAL",
      "For Gorgon querying resistance type for BLIND_FIGHTING, found match: DEBUFF",
      "For Gorgon querying resistance type for RADIANT, found match: RADIANT",
      "For Gorgon querying resistance type for HIGH_SPEED, found match: DEBUFF",
      "For Gorgon querying resistance type for OVERCONFIDENCE, found match: MENTAL",
      "For Trickster (Loki) querying resistance type for DIVINE_BINDING, found match: RADIANT",
      "For Trickster (Loki) querying resistance type for TRUTH_MAGIC, found match: MAGIC",
      "For Trickster (Loki) querying resistance type for OVERCONFIDENCE, found match: MENTAL",
      "For Trickster (Loki) querying resistance type for EMOTIONAL_ATTACHMENTS, found match: MENTAL",
      "For Siren querying resistance type for SILENCE, found match: DEBUFF",
      "For Siren querying resistance type for LIGHTNING, found match: ELEMENTAL",
      "For Siren querying resistance type for DRY_ENVIRONMENTS, found match: ELEMENTAL",
      "For Siren querying resistance type for TRUE_HEARING, found match: LEVEL_NULL",
      "For Reaper querying resistance type for DIVINE_SEALING, found match: RADIANT",
      "For Reaper querying resistance type for LIFE_CREATION_MAGIC, found match: MAGIC",
      "For Reaper querying resistance type for COSMIC_LAW, found match: ELEMENTAL",
      "For Reaper querying resistance type for ABSOLUTE_IMMORTALITY, found match: LEVEL_NULL",
      "For Aqrabuamelu querying resistance type for ICE, found match: ELEMENTAL",
      "For Aqrabuamelu querying resistance type for WATER, found match: MAGIC",
      "For Aqrabuamelu querying resistance type for OPEN_TERRAIN, found match: ELEMENTAL",
      "For Aqrabuamelu querying resistance type for RANGED_PRESSURE, found match: LEVEL_NULL",
      "For Garkain querying resistance type for SUNLIGHT, found match: RADIANT",
      "For Garkain querying resistance type for HOLY, found match: RADIANT",
      "For Garkain querying resistance type for FIRE, found match: ELEMENTAL",
      "For Garkain querying resistance type for LOUD_NOISES, found match: LEVEL_NULL",
      "For Nadubi querying resistance type for HOLY, found match: RADIANT",
      "For Nadubi querying resistance type for ICE, found match: ELEMENTAL",
      "For Nadubi querying resistance type for BANISHMENT_MAGIC, found match: LEVEL_NULL",
      "For Nadubi querying resistance type for BERSERKER_INSTINCT, found match: MENTAL",
      "For Do-S (Monster Princess) querying resistance type for STRONG_WILL, found match: RADIANT",
      "For Do-S (Monster Princess) querying resistance type for LONG_RANGE_PRESSURE, found match: LEVEL_NULL",
      "For Do-S (Monster Princess) querying resistance type for HOLY, found match: RADIANT",
      "For Do-S (Monster Princess) querying resistance type for WHIP_DISARM, found match: PHYSICAL",
      "For The Great Old One querying resistance type for COSMIC_SEALS, found match: RADIANT",
      "For The Great Old One querying resistance type for REALITY_ANCHORS, found match: MAGIC",
      "For The Great Old One querying resistance type for DORMANT_STATE, found match: LEVEL_NULL",
      "For The Great Old One querying resistance type for ELDRITCH_KNOWLEDGE, found match: LEVEL_NULL",
      "For Ceremorphus querying resistance type for RADIANT, found match: RADIANT",
      "For Ceremorphus querying resistance type for PSIONIC_OVERLOAD, found match: LEVEL_NULL",
      "For Ceremorphus querying resistance type for TRANSFORMATION_INSTABILITY, found match: LEVEL_NULL",
      "For Ceremorphus querying resistance type for IDENTITY_FRAGMENTATION, found match: LEVEL_NULL",
      "For Mind Flayer querying resistance type for ANTI_PSIONIC, found match: MENTAL",
      "For Mind Flayer querying resistance type for HIGH_WILLPOWER, found match: LEVEL_NULL",
      "For Mind Flayer querying resistance type for PHYSICAL_PRESSURE, found match: PHYSICAL",
      "For Mind Flayer querying resistance type for HIVE_DISRUPTION, found match: LEVEL_NULL",
      "For Fire Genasi querying resistance type for WATER, found match: MAGIC",
      "For Fire Genasi querying resistance type for EMOTIONAL_INSTABILITY, found match: MENTAL",
      "For Fire Genasi querying resistance type for AIR_DEPRIVATION, found match: ELEMENTAL",
      "For Fire Genasi querying resistance type for ELEMENTAL_OVERLOAD, found match: ELEMENTAL",
      "For Water Genasi querying resistance type for LIGHTNING, found match: ELEMENTAL",
      "For Water Genasi querying resistance type for EXTREME_HEAT, found match: ELEMENTAL",
      "For Water Genasi querying resistance type for DRY_ENVIRONMENTS, found match: ELEMENTAL",
      "For Water Genasi querying resistance type for EMOTIONAL_OVERFLOW, found match: MAGIC",
      "For Air Genasi querying resistance type for EARTH_BINDING, found match: ELEMENTAL",
      "For Air Genasi querying resistance type for ENCLOSED_SPACES, found match: PHYSICAL",
      "For Air Genasi querying resistance type for OVEREXTENSION, found match: MAGIC",
      "For Air Genasi querying resistance type for ANTI_LIGHTNING_MAGIC, found match: MAGIC",
      "For Earth Genasi querying resistance type for LIGHTNING, found match: ELEMENTAL",
      "For Earth Genasi querying resistance type for HIGH_SPEED_ATTACKS, found match: DEBUFF",
      "For Earth Genasi querying resistance type for WATER_EROSION, found match: ELEMENTAL",
      "For Earth Genasi querying resistance type for LEVITATION_OR_GRAVITY_MAGIC, found match: MAGIC",
      "For Human querying resistance type for NO_INNATE_SPECIALIZATION, found match: LEVEL_NULL",
      "For Human querying resistance type for MORTAL_LIMITS, found match: VITALITY",
      "For Human querying resistance type for EGO_AND_PRIDE, found match: MENTAL",
      "For Human querying resistance type for CORRUPTION_SUSCEPTIBILITY, found match: MAGIC",
      "For Demihuman querying resistance type for IDENTITY_CONFLICT, found match: MENTAL",
      "For Demihuman querying resistance type for BLOODLINE_SUPPRESSION, found match: DEBUFF",
      "For Demihuman querying resistance type for SOCIAL_PREJUDICE, found match: MENTAL",
      "For Demihuman querying resistance type for UNSTABLE_AWAKENING, found match: LEVEL_NULL",
      "For Dragonnuet querying resistance type for DRAGONSLAYER_WEAPONS, found match: PHYSICAL",
      "For Dragonnuet querying resistance type for PRIDE, found match: MENTAL",
      "For Dragonnuet querying resistance type for BLOODLINE_INSTABILITY, found match: VITALITY",
      "For Dragonnuet querying resistance type for OPPOSING_ELEMENT, found match: ELEMENTAL",
      "For Demon querying resistance type for HOLY, found match: RADIANT",
      "For Demon querying resistance type for CELESTIAL_ARTIFACTS, found match: RADIANT",
      "For Demon querying resistance type for BINDING_SIGILS, found match: LEVEL_NULL",
      "For Demon querying resistance type for CHAOTIC_INSTINCT, found match: MENTAL",
      "For Orc querying resistance type for MAGIC, found match: MAGIC",
      "For Orc querying resistance type for BERSERKER_INSTINCT, found match: MENTAL",
      "For Orc querying resistance type for RANGED_CONTROL, found match: DEBUFF",
      "For Orc querying resistance type for TRIBAL_CONFLICT, found match: ELEMENTAL",
      "For Spirit querying resistance type for HOLY_SEALING, found match: RADIANT",
      "For Spirit querying resistance type for SOUL_DISRUPTION, found match: RADIANT",
      "For Spirit querying resistance type for BOUND_OBJECTS, found match: LEVEL_NULL",
      "For Spirit querying resistance type for MATERIAL_LIMITATION, found match: PHYSICAL",
      "For Undead querying resistance type for HOLY, found match: RADIANT",
      "For Undead querying resistance type for FIRE, found match: ELEMENTAL",
      "For Undead querying resistance type for SOUL_PURIFICATION, found match: RADIANT",
      "For Undead querying resistance type for HEAD_OR_CORE_DESTRUCTION, found match: LEVEL_NULL",
      "For Leach querying resistance type for HOLY, found match: RADIANT",
      "For Leach querying resistance type for FIRE, found match: ELEMENTAL",
      "For Leach querying resistance type for STARVATION, found match: VITALITY",
      "For Leach querying resistance type for SOUL_SEVERANCE, found match: RADIANT"
    ],
    "weaponType": {
      "Bone Club": true,
      "Claws": true,
      "Twin Daggers": true,
      "Shadow Greatsword": true,
      "Staff of the Arcane Surge": true,
      "Eldritch Tome": true,
      "Hollow Eyes of Soul": true,
      "Wing Blades": true,
      "Radiant Sword": true,
      "Spiked Club": true,
      "Longbow": true,
      "Dagger": true,
      "Great Axe": true,
      "Throwing Knives": true,
      "Fairy Dust": true,
      "Fey Longsword": true,
      "Short Sword": true,
      "Longsword and Shield": true,
      "Shortbow": true,
      "Sling": true,
      "Greataxe": true,
      "Bone Spear": true,
      "Warhammer": true,
      "Pan Pipes": true,
      "Trident": true,
      "Shadow Scythe": true,
      "Starlight Staff": true,
      "Blunderbuss": true,
      "Malleable Fists": true,
      "Gythka": true,
      "Integrated Arm Blade": true,
      "Celestial Spear": true,
      "Ethereal Touch": true,
      "Mace of Light": true,
      "Nature’s Staff": true,
      "Fists of Fury": true,
      "Holy Sword": true,
      "Daggers": true,
      "Warhammer and Shield": true,
      "Fists of Stone": true,
      "Fangs": true,
      "Claws and Teeth": true,
      "Claws and Stinger": true,
      "Multiple Heads": true,
      "Hellfire Claws": true,
      "Bite and Claw": true,
      "Cursed Bandages": true,
      "Witch’s Staff": true,
      "Horn of Purity": true,
      "Breath Weapon": true,
      "Wail of Death": true,
      "Snake Hair": true,
      "Enchanted Voice": true,
      "Scythe of Souls": true,
      "Venomous Stinger": true,
      "Vampiric Bite": true,
      "Cursed Whip": true,
      "Psychic Tentacles": true,
      "Tentacles": true,
      "Elemental Fists": true,
      "Versatile Arms": true,
      "Dragon Claws": true,
      "Heavy Weapons": true
    },
    "skillType": {
      "Mobility": true,
      "Fear Aura": true,
      "Wild Magic": true,
      "Soul Manipulation": true,
      "Soul Consumption": true,
      "Dimensional Phasing": true,
      "Aerial Mobility": true,
      "Protection": true,
      "Ambush Hunting": true,
      "Charging Combat": true,
      "Shapeshifting": true,
      "Infiltration": true,
      "Survival": true,
      "Flight": true,
      "Teleportation": true,
      "Endurance": true,
      "Dirty Tactics": true,
      "Scavenging": true,
      "Formation Combat": true,
      "Military Tactics": true,
      "Mimicry": true,
      "Stealth": true,
      "Trapcraft": true,
      "Berserker Combat": true,
      "Performance": true,
      "Aquatic Combat": true,
      "Shadow Traversal": true,
      "Arcane Perception": true,
      "Explosives": true,
      "Military Discipline": true,
      "Shape Manipulation": true,
      "Multi-Limb Combat": true,
      "Predatory Camouflage": true,
      "Gliding": true,
      "Climbing": true,
      "Mechanical Endurance": true,
      "Aerial Combat": true,
      "Phasing": true,
      "Rage": true,
      "Healing": true,
      "Transformation": true,
      "Martial Arts": true,
      "Tracking": true,
      "Critical Strikes": true,
      "Dual Consciousness": true,
      "Silent Flight": true,
      "Construct Durability": true,
      "Regeneration": true,
      "Undead Dominion": true,
      "Biological Adaptation": true,
      "Reality Manipulation": true,
      "Incorporeal Transformation": true,
      "Rebirth": true,
      "Fear Manipulation": true,
      "Relentless Persistence": true,
      "Curse Magic": true,
      "Hexcraft": true,
      "Purification": true,
      "Enchanting Song": true,
      "Lair Dominion": true,
      "Pack Hunting": true,
      "Psychological Manipulation": true,
      "Incorporeal Movement": true,
      "Petrification": true,
      "Illusion Mastery": true,
      "Charm": true,
      "Soul Harvesting": true,
      "Burrow Ambush": true,
      "Aerial Hunting": true,
      "Echolocation": true,
      "Blood Frenzy": true,
      "Charm Control": true,
      "Madness Induction": true,
      "Psionics": true,
      "Heat Manipulation": true,
      "Hydrokinesis": true,
      "Seismic Manipulation": true,
      "Adaptability": true,
      "Willpower": true,
      "Hybrid Adaptation": true,
      "Enhanced Senses": true,
      "Draconic Aura": true,
      "Soul Corruption": true,
      "War Instinct": true,
      "Soul Bond": true,
      "Ethereal Movement": true,
      "Undying Persistence": true,
      "Life Drain": true
    },
    "spellType": {
      "Flames of Rebirth": true,
      "Psychic Magic": true,
      "Reality Manipulation": true,
      "Infernal Summoning": true,
      "Reality Warping": true,
      "Mind Control": true,
      "Mind Domination": true,
      "Infernal Magic": true,
      "Necromancy": true,
      "Blood and Soul Magic": true
    },
    "missingRace": [],
    "missingSkill": []
  },
  "skillSet": [
    "Ravenous Bite",
    "Howl of Despair",
    "Flesh Frenzy",
    "Hunger Unending",
    "Rapid Slash",
    "Flash Step",
    "Blinding Speed",
    "Evasion Master",
    "Dark Slash",
    "Void Strike",
    "Shadowform",
    "Cloak of Shadows",
    "Magic Missile",
    "Arcane Storm",
    "Surge of Power",
    "Wild Magic Surge",
    "Eldritch Blast",
    "Pact of Ruin",
    "Pact Gift",
    "Eldritch Pact",
    "Soul Drain",
    "Dark Nova",
    "Devour Essence",
    "Last Breath",
    "Aura of Dread",
    "Shadow Dimension",
    "Shadow Resilience",
    "Phantom Triple Strike",
    "Sky Strike",
    "Gale Force",
    "Soaring Escape",
    "Aerial Agility",
    "Divine Smite",
    "Healing Light",
    "Angel’s Grace",
    "Celestial Resistance",
    "Ambush Strike",
    "Brutal Smash",
    "Stealth Ambush",
    "Savage Attacks",
    "Charge",
    "Stampede",
    "Nature’s Aid",
    "Surefooted",
    "Disguise",
    "Mimic",
    "True Shift",
    "Shapeshifter’s Reflex",
    "Mountain Strike",
    "Earthshatter",
    "Unyielding Endurance",
    "Stone’s Endurance",
    "Quick Dash",
    "Leaping Strike",
    "Burrow Escape",
    "Nimble Escape",
    "Pixie Dart",
    "Fairy Ring",
    "Wings of Escape",
    "Enchanted Aura",
    "Seasonal Shift",
    "Fey Step",
    "Nature’s Wrath",
    "Seasonal Resilience",
    "Sneaky Strike",
    "Goblin Bomb",
    "Coward’s Escape",
    "Scavenger",
    "Tactical Strike",
    "Battle Cry",
    "Tactical Retreat",
    "Martial Discipline",
    "Mimicry",
    "Deceptive Illusion",
    "Mimic’s Guile",
    "Pack Tactics",
    "Trap Mastery",
    "Dragon’s Courage",
    "Gore Charge",
    "Labyrinth’s Wrath",
    "Berserker Rage",
    "Labyrinthine Recall",
    "Primal Strike",
    "Cold Blooded Fury",
    "Swamp Camouflage",
    "Hungry Jaws",
    "Reckless Attack",
    "Battle Roar",
    "Blood Fury",
    "Relentless Endurance",
    "Charm Song",
    "Fey Trickery",
    "Reveler’s Joy",
    "Fey Resilience",
    "Tidal Strike",
    "Water Wall",
    "Call of the Sea",
    "Amphibious",
    "Umbral Strike",
    "Shadow Step",
    "Fading Step",
    "Raven’s Grace",
    "Arcane Bolt",
    "Astral Shield",
    "Cosmic Insight",
    "Astral Vision",
    "Gunpowder Blast",
    "Explosive Charge",
    "Headbutt Charge",
    "Tough Hide",
    "Pseudopod Strike",
    "Ooze Form",
    "Split Form",
    "Amorphous Resilience",
    "Multi-Arm Attack",
    "Chameleon Carapace",
    "Frenzy Leap",
    "Quick Reflexes",
    "Glide Strike",
    "Aerial Assault",
    "Quick Climb",
    "Overclocked Strike",
    "Iron Fortress",
    "Reconstruction",
    "Constructed Resilience",
    "Radiant Smite",
    "Wings of Glory",
    "Resurrection",
    "Aura of Courage",
    "Phantasmal Strike",
    "Phase Out",
    "Possession",
    "Spectral Resilience",
    "Rage",
    "Furious Smash",
    "Berserker’s Endurance",
    "Unstoppable",
    "Healing Word",
    "Divine Intervention",
    "Turn Undead",
    "Blessed Aura",
    "Entangle",
    "Wild Shape",
    "Nature’s Fury",
    "Natural Harmony",
    "Flurry of Blows",
    "Stunning Strike",
    "Ki Empowerment",
    "Evasion",
    "Lay on Hands",
    "Oath of Vengeance",
    "Aura of Protection",
    "Hunter’s Mark",
    "Concealment",
    "Favored Enemy",
    "Wilderness Survival",
    "Sneak Attack",
    "Smoke Bomb",
    "Backstab",
    "Trampling Charge",
    "Dual Mind’s Focus",
    "Elephantine Stomp",
    "Dual Mind",
    "Silent Shot",
    "Glide Escape",
    "Keen Eyesight",
    "Crushing Blow",
    "Immutable Form",
    "Reconstruct",
    "Magical Immunity",
    "Vampiric Bite",
    "Mist Form",
    "Charm",
    "Regeneration",
    "Blood Drain",
    "Summon Undead",
    "Shape Shift",
    "Lord of the Night",
    "Frenzied Claw",
    "Howl of Terror",
    "Full Moon Rage",
    "Silent Pounce",
    "Shadowstep",
    "Dog’s Instincts",
    "Animal Reflexes",
    "Venom Strike",
    "Predator’s Feast",
    "Adaptation",
    "Rapid Evolution",
    "Elemental Blast",
    "Wish Twister",
    "Incorporeal Form",
    "Elemental Immunity",
    "Multi-Headed Strike",
    "Regenerate Heads",
    "Hydra’s Fury",
    "Firestorm",
    "Rebirth",
    "Winged Salvation",
    "Immortal Flame",
    "Hellfire Slash",
    "Infernal Summoning",
    "Fear Aura",
    "Hellish Resistance",
    "Relentless Advance",
    "Undead Fortitude",
    "Horde Tactics",
    "Undying",
    "Rotting Touch",
    "Curse of the Pharaoh",
    "Tomb Guardian",
    "Eternal Preservation",
    "Hex",
    "Dark Ritual",
    "Cackle of the Coven",
    "Hex Mastery",
    "Divine Charge",
    "Aura of Purity",
    "Celestial Guardian",
    "Water Bolt",
    "Whirlpool",
    "Song of the Sea",
    "Claw and Tail",
    "Dragon’s Breath",
    "Wings of Destruction",
    "Legendary Resistance",
    "Ghoul’s Claw",
    "Undead Rush",
    "Paralytic Touch",
    "Illusory Strike",
    "Reality Warp",
    "True Form Reveal",
    "Magic Resistance",
    "Horrifying Wail",
    "Life Drain",
    "Ethereal Drift",
    "Undead Resilience",
    "Petrify",
    "Snakes’ Bite",
    "Stone Form",
    "Petrifying Aura",
    "Shapeshift",
    "Mass Confusion",
    "Divine Trickery",
    "Master of Illusions",
    "Luring Song",
    "Vicious Claws",
    "Drowning Song",
    "Aquatic Charm",
    "Soul Harvest",
    "Death’s Embrace",
    "Unstoppable Fate",
    "Immortal",
    "Desert Ambush",
    "Sandstorm Fury",
    "Venomous Resilience",
    "Winged Assault",
    "Blood Feast",
    "Echo Location",
    "Nocturnal Hunter",
    "Hellfire Blast",
    "Infernal Summon",
    "Demonic Frenzy",
    "Infernal Resistance",
    "Thrall Command",
    "Domination Lash",
    "Charm of Pain",
    "Master Manipulator",
    "Psychic Scream",
    "Cosmic Dread",
    "Eldritch Horror",
    "Mind Blast",
    "Psionic Domination",
    "Transmutation",
    "Psionic Shield",
    "Dominate Monster",
    "Extract Brain",
    "Psionic Mastery",
    "Blazing Strike",
    "Infernal Surge",
    "Living Inferno",
    "Flame Affinity",
    "Abyssal Surge",
    "Oceanic Form",
    "Tidal Affinity",
    "Tempest Strike",
    "Storm Surge",
    "Living Tempest",
    "Storm Affinity",
    "Stonebreaker Strike",
    "Cataclysm Surge",
    "Primordial Titan Form",
    "Earth Affinity",
    "Adaptive Strike",
    "Second Wind",
    "Heroic Resolve",
    "Limit Break Potential",
    "Ancestral Reflex",
    "Bloodline Surge",
    "Primal Awakening",
    "Dual Heritage",
    "Dragon Fang Strike",
    "Draconic Breath",
    "Half-Dragon Awakening",
    "Ancient Bloodline",
    "Hellfire Rend",
    "Infernal Cataclysm",
    "Abyssal Ascension",
    "Infernal Presence",
    "Savage Cleave",
    "War Cry",
    "Blood Rage",
    "Spectral Pulse",
    "Astral Veil",
    "Soul Manifestation",
    "Ethereal Presence",
    "Necrotic Strike",
    "Grave Awakening",
    "Deathless Return",
    "Undying Presence",
    "Parasitic Bloom",
    "Deathless Consumption",
    "Eternal Hunger"
  ],
  "weaponSet": [
    "Bone Club",
    "Claws",
    "Twin Daggers",
    "Shadow Greatsword",
    "Staff of the Arcane Surge",
    "Eldritch Tome",
    "Hollow Eyes of Soul",
    "Wing Blades",
    "Radiant Sword",
    "Spiked Club",
    "Longbow",
    "Dagger",
    "Great Axe",
    "Throwing Knives",
    "Fairy Dust",
    "Fey Longsword",
    "Short Sword",
    "Longsword and Shield",
    "Shortbow",
    "Sling",
    "Greataxe",
    "Bone Spear",
    "Warhammer",
    "Pan Pipes",
    "Trident",
    "Shadow Scythe",
    "Starlight Staff",
    "Blunderbuss",
    "Malleable Fists",
    "Gythka",
    "Integrated Arm Blade",
    "Celestial Spear",
    "Ethereal Touch",
    "Mace of Light",
    "Nature’s Staff",
    "Fists of Fury",
    "Holy Sword",
    "Daggers",
    "Warhammer and Shield",
    "Fists of Stone",
    "Fangs",
    "Claws and Teeth",
    "Claws and Stinger",
    "Multiple Heads",
    "Hellfire Claws",
    "Bite and Claw",
    "Cursed Bandages",
    "Witch’s Staff",
    "Horn of Purity",
    "Breath Weapon",
    "Wail of Death",
    "Snake Hair",
    "Enchanted Voice",
    "Scythe of Souls",
    "Venomous Stinger",
    "Vampiric Bite",
    "Cursed Whip",
    "Psychic Tentacles",
    "Tentacles",
    "Elemental Fists",
    "Versatile Arms",
    "Dragon Claws",
    "Heavy Weapons"
  ],
  "spellSet": [
    "Flames of Rebirth",
    "Psychic Magic",
    "Reality Manipulation",
    "Infernal Summoning",
    "Reality Warping",
    "Mind Control",
    "Mind Domination",
    "Infernal Magic",
    "Necromancy",
    "Blood and Soul Magic"
  ]
}